# JRE version: Java(TM) SE Runtime Environment (8.0_202-b08) (build 1.8.0_202-b08)
# Java VM: Java HotSpot(TM) 64-Bit Server VM (25.202-b08 mixed mode linux-amd64 compressed oops)
Heap:
 PSYoungGen      total 79360K, used 12097K [0x00000000eab00000, 0x00000000f1100000, 0x0000000100000000)
  eden space 76800K, 12% used [0x00000000eab00000,0x00000000eb46a860,0x00000000ef600000)
  from space 2560K, 95% used [0x00000000ef880000,0x00000000efae5ed0,0x00000000efb00000)
  to   space 13824K, 0% used [0x00000000f0380000,0x00000000f0380000,0x00000000f1100000)
 ParOldGen       total 68096K, used 35593K [0x00000000c0000000, 0x00000000c4280000, 0x00000000eab00000)
  object space 68096K, 52% used [0x00000000c0000000,0x00000000c22c2438,0x00000000c4280000)
 Metaspace       used 61747K, capacity 62728K, committed 63104K, reserved 1101824K
  class space    used 10060K, capacity 10288K, committed 10368K, reserved 1048576K
GC Heap History (10 events):
Event: 242,617 GC heap before
{Heap before GC invocations=14 (full 2):
 PSYoungGen      total 92672K, used 66226K [0x00000000eab00000, 0x00000000f1900000, 0x0000000100000000)
  eden space 84992K, 69% used [0x00000000eab00000,0x00000000ee49b638,0x00000000efe00000)
  from space 7680K, 94% used [0x00000000f0100000,0x00000000f0811358,0x00000000f0880000)
  to   space 13824K, 0% used [0x00000000f0b80000,0x00000000f0b80000,0x00000000f1900000)
 ParOldGen       total 46592K, used 36413K [0x00000000c0000000, 0x00000000c2d80000, 0x00000000eab00000)
  object space 46592K, 78% used [0x00000000c0000000,0x00000000c238f730,0x00000000c2d80000)
 Metaspace       used 57845K, capacity 58748K, committed 59096K, reserved 1099776K
  class space    used 9496K, capacity 9754K, committed 9856K, reserved 1048576K
Event: 242,630 GC heap after
Heap after GC invocations=14 (full 2):
 PSYoungGen      total 92672K, used 3618K [0x00000000eab00000, 0x00000000f1600000, 0x0000000100000000)
  eden space 81920K, 0% used [0x00000000eab00000,0x00000000eab00000,0x00000000efb00000)
  from space 10752K, 33% used [0x00000000f0b80000,0x00000000f0f08b88,0x00000000f1600000)
  to   space 13824K, 0% used [0x00000000efb00000,0x00000000efb00000,0x00000000f0880000)
 ParOldGen       total 46592K, used 40765K [0x00000000c0000000, 0x00000000c2d80000, 0x00000000eab00000)
  object space 46592K, 87% used [0x00000000c0000000,0x00000000c27cf510,0x00000000c2d80000)
 Metaspace       used 57845K, capacity 58748K, committed 59096K, reserved 1099776K
  class space    used 9496K, capacity 9754K, committed 9856K, reserved 1048576K
}
Event: 242,630 GC heap before
{Heap before GC invocations=15 (full 3):
 PSYoungGen      total 92672K, used 3618K [0x00000000eab00000, 0x00000000f1600000, 0x0000000100000000)
  eden space 81920K, 0% used [0x00000000eab00000,0x00000000eab00000,0x00000000efb00000)
  from space 10752K, 33% used [0x00000000f0b80000,0x00000000f0f08b88,0x00000000f1600000)
  to   space 13824K, 0% used [0x00000000efb00000,0x00000000efb00000,0x00000000f0880000)
 ParOldGen       total 46592K, used 40765K [0x00000000c0000000, 0x00000000c2d80000, 0x00000000eab00000)
  object space 46592K, 87% used [0x00000000c0000000,0x00000000c27cf510,0x00000000c2d80000)
 Metaspace       used 57845K, capacity 58748K, committed 59096K, reserved 1099776K
  class space    used 9496K, capacity 9754K, committed 9856K, reserved 1048576K
Event: 242,798 GC heap after
Heap after GC invocations=15 (full 3):
 PSYoungGen      total 92672K, used 0K [0x00000000eab00000, 0x00000000f1600000, 0x0000000100000000)
  eden space 81920K, 0% used [0x00000000eab00000,0x00000000eab00000,0x00000000efb00000)
  from space 10752K, 0% used [0x00000000f0b80000,0x00000000f0b80000,0x00000000f1600000)
  to   space 13824K, 0% used [0x00000000efb00000,0x00000000efb00000,0x00000000f0880000)
 ParOldGen       total 68096K, used 30461K [0x00000000c0000000, 0x00000000c4280000, 0x00000000eab00000)
  object space 68096K, 44% used [0x00000000c0000000,0x00000000c1dbf648,0x00000000c4280000)
 Metaspace       used 57795K, capacity 58668K, committed 59096K, reserved 1099776K
  class space    used 9489K, capacity 9740K, committed 9856K, reserved 1048576K
}
Event: 244,401 GC heap before
{Heap before GC invocations=16 (full 3):
 PSYoungGen      total 92672K, used 81920K [0x00000000eab00000, 0x00000000f1600000, 0x0000000100000000)
  eden space 81920K, 100% used [0x00000000eab00000,0x00000000efb00000,0x00000000efb00000)
  from space 10752K, 0% used [0x00000000f0b80000,0x00000000f0b80000,0x00000000f1600000)
  to   space 13824K, 0% used [0x00000000efb00000,0x00000000efb00000,0x00000000f0880000)
 ParOldGen       total 68096K, used 30461K [0x00000000c0000000, 0x00000000c4280000, 0x00000000eab00000)
  object space 68096K, 44% used [0x00000000c0000000,0x00000000c1dbf648,0x00000000c4280000)
 Metaspace       used 59969K, capacity 60892K, committed 61312K, reserved 1099776K
  class space    used 9829K, capacity 10048K, committed 10112K, reserved 1048576K
Event: 244,405 GC heap after
Heap after GC invocations=16 (full 3):
 PSYoungGen      total 84480K, used 4699K [0x00000000eab00000, 0x00000000f1380000, 0x0000000100000000)
  eden space 79360K, 0% used [0x00000000eab00000,0x00000000eab00000,0x00000000ef880000)
  from space 5120K, 91% used [0x00000000efb00000,0x00000000eff96c78,0x00000000f0000000)
  to   space 13824K, 0% used [0x00000000f0600000,0x00000000f0600000,0x00000000f1380000)
 ParOldGen       total 68096K, used 30469K [0x00000000c0000000, 0x00000000c4280000, 0x00000000eab00000)
  object space 68096K, 44% used [0x00000000c0000000,0x00000000c1dc1648,0x00000000c4280000)
 Metaspace       used 59969K, capacity 60892K, committed 61312K, reserved 1099776K
  class space    used 9829K, capacity 10048K, committed 10112K, reserved 1048576K
}
Event: 244,588 GC heap before
{Heap before GC invocations=17 (full 3):
 PSYoungGen      total 84480K, used 84059K [0x00000000eab00000, 0x00000000f1380000, 0x0000000100000000)
  eden space 79360K, 100% used [0x00000000eab00000,0x00000000ef880000,0x00000000ef880000)
  from space 5120K, 91% used [0x00000000efb00000,0x00000000eff96c78,0x00000000f0000000)
  to   space 13824K, 0% used [0x00000000f0600000,0x00000000f0600000,0x00000000f1380000)
 ParOldGen       total 68096K, used 30469K [0x00000000c0000000, 0x00000000c4280000, 0x00000000eab00000)
  object space 68096K, 44% used [0x00000000c0000000,0x00000000c1dc1648,0x00000000c4280000)
 Metaspace       used 60007K, capacity 60892K, committed 61312K, reserved 1099776K
  class space    used 9829K, capacity 10048K, committed 10112K, reserved 1048576K
Event: 244,593 GC heap after
Heap after GC invocations=17 (full 3):
 PSYoungGen      total 93184K, used 2528K [0x00000000eab00000, 0x00000000f3a00000, 0x0000000100000000)
  eden space 79360K, 0% used [0x00000000eab00000,0x00000000eab00000,0x00000000ef880000)
  from space 13824K, 18% used [0x00000000f0600000,0x00000000f0878000,0x00000000f1380000)
  to   space 13824K, 0% used [0x00000000ef880000,0x00000000ef880000,0x00000000f0600000)
 ParOldGen       total 68096K, used 34161K [0x00000000c0000000, 0x00000000c4280000, 0x00000000eab00000)
  object space 68096K, 50% used [0x00000000c0000000,0x00000000c215c438,0x00000000c4280000)
 Metaspace       used 60007K, capacity 60892K, committed 61312K, reserved 1099776K
  class space    used 9829K, capacity 10048K, committed 10112K, reserved 1048576K
}
Event: 246,439 GC heap before
{Heap before GC invocations=18 (full 3):
 PSYoungGen      total 93184K, used 81888K [0x00000000eab00000, 0x00000000f3a00000, 0x0000000100000000)
  eden space 79360K, 100% used [0x00000000eab00000,0x00000000ef880000,0x00000000ef880000)
  from space 13824K, 18% used [0x00000000f0600000,0x00000000f0878000,0x00000000f1380000)
  to   space 13824K, 0% used [0x00000000ef880000,0x00000000ef880000,0x00000000f0600000)
 ParOldGen       total 68096K, used 34161K [0x00000000c0000000, 0x00000000c4280000, 0x00000000eab00000)
  object space 68096K, 50% used [0x00000000c0000000,0x00000000c215c438,0x00000000c4280000)
 Metaspace       used 61293K, capacity 62300K, committed 62848K, reserved 1101824K
  class space    used 9990K, capacity 10254K, committed 10368K, reserved 1048576K
Event: 246,443 GC heap after
Heap after GC invocations=18 (full 3):
 PSYoungGen      total 79360K, used 2455K [0x00000000eab00000, 0x00000000f1100000, 0x0000000100000000)
  eden space 76800K, 0% used [0x00000000eab00000,0x00000000eab00000,0x00000000ef600000)
  from space 2560K, 95% used [0x00000000ef880000,0x00000000efae5ed0,0x00000000efb00000)
  to   space 13824K, 0% used [0x00000000f0380000,0x00000000f0380000,0x00000000f1100000)
 ParOldGen       total 68096K, used 35593K [0x00000000c0000000, 0x00000000c4280000, 0x00000000eab00000)
  object space 68096K, 52% used [0x00000000c0000000,0x00000000c22c2438,0x00000000c4280000)
 Metaspace       used 61293K, capacity 62300K, committed 62848K, reserved 1101824K
  class space    used 9990K, capacity 10254K, committed 10368K, reserved 1048576K
}

